\BOOKMARK [0][]{chapter*.4}{Lista de Abreviaturas}{}% 1
\BOOKMARK [0][]{chapter*.5}{Lista de Figuras}{}% 2
\BOOKMARK [0][]{chapter*.6}{Lista de Tabelas}{}% 3
\BOOKMARK [0][]{chapter.1}{Introdu\347\343o}{}% 4
\BOOKMARK [1][]{section.1.1}{Motiva\347\343o}{chapter.1}% 5
\BOOKMARK [1][]{section.1.2}{Objetivos}{chapter.1}% 6
\BOOKMARK [1][]{section.1.3}{Estrutura dos Cap\355tulos}{chapter.1}% 7
\BOOKMARK [0][]{chapter.2}{Conceitos Te\363ricos}{}% 8
\BOOKMARK [1][]{section.2.1}{Polui\347\343o Atmosf\351rica}{chapter.2}% 9
\BOOKMARK [2][]{subsection.2.1.1}{Hist\363ria e evolu\347\343o}{section.2.1}% 10
\BOOKMARK [2][]{subsection.2.1.2}{Poluentes}{section.2.1}% 11
\BOOKMARK [2][]{subsection.2.1.3}{\315ndice de qualidade do ar}{section.2.1}% 12
\BOOKMARK [2][]{subsection.2.1.4}{A preocupa\347\343o com o PM e O3}{section.2.1}% 13
\BOOKMARK [2][]{subsection.2.1.5}{Obten\347\343o de dados}{section.2.1}% 14
\BOOKMARK [1][]{section.2.2}{Geod\351sia}{chapter.2}% 15
\BOOKMARK [2][]{subsection.2.2.1}{Latitude e Longitude}{section.2.2}% 16
\BOOKMARK [2][]{subsection.2.2.2}{Sistema de Posicionamento Global}{section.2.2}% 17
\BOOKMARK [2][]{subsection.2.2.3}{Circulo M\341ximo}{section.2.2}% 18
\BOOKMARK [2][]{subsection.2.2.4}{F\363rmula de Haversine }{section.2.2}% 19
\BOOKMARK [1][]{section.2.3}{An\341lise Num\351rica}{chapter.2}% 20
\BOOKMARK [2][]{subsection.2.3.1}{Inverso da Pot\352ncia das Dist\342ncias}{section.2.3}% 21
\BOOKMARK [1][]{section.2.4}{Protocolo de Transfer\352ncia de Arquivos}{chapter.2}% 22
\BOOKMARK [0][]{chapter.3}{Desenvolvimento do aplicativo}{}% 23
\BOOKMARK [1][]{section.3.1}{Android}{chapter.3}% 24
\BOOKMARK [2][]{subsection.3.1.1}{Interface de Programa\347\343o de Aplica\347\365es}{section.3.1}% 25
\BOOKMARK [2][]{subsection.3.1.2}{Java}{section.3.1}% 26
\BOOKMARK [2][]{subsection.3.1.3}{Android Studio}{section.3.1}% 27
\BOOKMARK [1][]{section.3.2}{Script gerador}{chapter.3}% 28
\BOOKMARK [2][]{subsection.3.2.1}{Selenium Web Driver}{section.3.2}% 29
\BOOKMARK [2][]{subsection.3.2.2}{BeautifulSoup}{section.3.2}% 30
\BOOKMARK [2][]{subsection.3.2.3}{Pyhton}{section.3.2}% 31
\BOOKMARK [2][]{subsection.3.2.4}{X Virtual Framebuffer}{section.3.2}% 32
\BOOKMARK [2][]{subsection.3.2.5}{Cron}{section.3.2}% 33
\BOOKMARK [0][]{chapter.4}{Aplicativo QASP}{}% 34
\BOOKMARK [1][]{section.4.1}{Navega\347\343o Principal}{chapter.4}% 35
\BOOKMARK [1][]{section.4.2}{Prefer\352ncias}{chapter.4}% 36
\BOOKMARK [0][]{chapter.5}{Conclus\365es}{}% 37
\BOOKMARK [1][]{section.5.1}{Trabalhos Futuros}{chapter.5}% 38
\BOOKMARK [0][]{appendix*.31}{Refer\352ncias Bibliogr\341ficas}{}% 39
